Using pre-set license
Built from '2020.2/staging' branch; Version is '2020.2.6f1 (8a2143876886) revision 9052483'; Using compiler version '192528614'; Build Type 'Release'
OS: 'Windows 10 Pro; OS build 18363.1556; Version 1909; 64bit' Language: 'th' Physical Memory: 16345 MB
BatchMode: 1, IsHumanControllingUs: 0, StartBugReporterOnCrash: 0, Is64bit: 1, IsPro: 0

 COMMAND LINE ARGUMENTS:
E:\2020.2.6f1\Editor\Unity.exe
-adb2
-batchMode
-noUpm
-name
AssetImportWorker1
-projectPath
E:/project_S/GameFight3D
-logFile
Logs/AssetImportWorker1.log
-srvPort
57101
Successfully changed project path to: E:/project_S/GameFight3D
E:/project_S/GameFight3D
Using Asset Import Pipeline V2.
Refreshing native plugins compatible for Editor in 26.76 ms, found 0 plugins.
Preloading 0 native plugins for Editor in 0.00 ms.
Initialize engine version: 2020.2.6f1 (8a2143876886)
[Subsystems] Discovering subsystems at path E:/2020.2.6f1/Editor/Data/Resources/UnitySubsystems
[Subsystems] Discovering subsystems at path E:/project_S/GameFight3D/Assets
GfxDevice: creating device client; threaded=0
Direct3D:
    Version:  Direct3D 11.0 [level 11.1]
    Renderer: NVIDIA GeForce GTX 1050 Ti (ID=0x1c82)
    Vendor:   
    VRAM:     4017 MB
    Driver:   31.0.15.3699
Initialize mono
Mono path[0] = 'E:/2020.2.6f1/Editor/Data/Managed'
Mono path[1] = 'E:/2020.2.6f1/Editor/Data/MonoBleedingEdge/lib/mono/unityjit'
Mono config path = 'E:/2020.2.6f1/Editor/Data/MonoBleedingEdge/etc'
Using monoOptions --debugger-agent=transport=dt_socket,embedding=1,server=y,suspend=n,address=127.0.0.1:56672
Begin MonoManager ReloadAssembly
Registering precompiled unity dll's ...
Register platform support module: E:/2020.2.6f1/Editor/Data/PlaybackEngines/WindowsStandaloneSupport/UnityEditor.WindowsStandalone.Extensions.dll
Registered in 0.001433 seconds.
Native extension for WindowsStandalone target not found
Refreshing native plugins compatible for Editor in 29.35 ms, found 0 plugins.
Preloading 0 native plugins for Editor in 0.00 ms.
Invoked RoslynAnalysisRunner static constructor.
RoslynAnalysisRunner will not be running.
RoslynAnalysisRunner has terminated.
Mono: successfully reloaded assembly
- Completed reload, in  0.978 seconds
Platform modules already initialized, skipping
Registering precompiled user dll's ...
Registered in 0.000531 seconds.
Begin MonoManager ReloadAssembly
Native extension for WindowsStandalone target not found
Refreshing native plugins compatible for Editor in 0.21 ms, found 0 plugins.
Preloading 0 native plugins for Editor in 0.00 ms.
Invoked RoslynAnalysisRunner static constructor.
RoslynAnalysisRunner will not be running.
RoslynAnalysisRunner has terminated.
Mono: successfully reloaded assembly
- Completed reload, in  1.107 seconds
Platform modules already initialized, skipping
========================================================================
Worker process is ready to serve import requests
Launched and connected shader compiler UnityShaderCompiler.exe after 0.11 seconds
Refreshing native plugins compatible for Editor in 0.22 ms, found 0 plugins.
Preloading 0 native plugins for Editor in 0.00 ms.
Unloading 1107 Unused Serialized files (Serialized files now loaded: 0)
System memory in use before: 56.9 MB.
System memory in use after: 57.0 MB.

Unloading 10 unused Assets to reduce memory usage. Loaded Objects now: 1548.
Total: 2.118100 ms (FindLiveObjects: 0.140900 ms CreateObjectMapping: 0.042700 ms MarkObjects: 1.837300 ms  DeleteObjects: 0.095800 ms)

========================================================================
Received Import Request.
  path: Assets/Models/player1.prefab
  artifactKey: Guid(d29bbf457ea1be44dae8b8138c02310f) Importer(815301076,1909f56bfc062723c751e8b465ee728b)
Start importing Assets/Models/player1.prefab using Guid(d29bbf457ea1be44dae8b8138c02310f) Importer(815301076,1909f56bfc062723c751e8b465ee728b)  -> (artifact id: 'c143845bd89160011a20c5ffa74d512c') in 0.164398 seconds
  Import took 0.167401 seconds .

========================================================================
Received Import Request.
  Time since last request: 76.176824 seconds.
  path: Assets/Script/Fighter2.cs
  artifactKey: Guid(acafb7f042d3bd749b8bf8935217d3f4) Importer(815301076,1909f56bfc062723c751e8b465ee728b)
Start importing Assets/Script/Fighter2.cs using Guid(acafb7f042d3bd749b8bf8935217d3f4) Importer(815301076,1909f56bfc062723c751e8b465ee728b)  -> (artifact id: '0cdd3a93615f6fd429c675e6285dc3d4') in 0.009199 seconds
  Import took 0.011742 seconds .

========================================================================
Received Prepare
Registering precompiled user dll's ...
Registered in 0.000587 seconds.
Begin MonoManager ReloadAssembly
Native extension for WindowsStandalone target not found
Refreshing native plugins compatible for Editor in 0.21 ms, found 0 plugins.
Preloading 0 native plugins for Editor in 0.00 ms.
Invoked RoslynAnalysisRunner static constructor.
RoslynAnalysisRunner will not be running.
RoslynAnalysisRunner has terminated.
Mono: successfully reloaded assembly
- Completed reload, in  0.891 seconds
Platform modules already initialized, skipping
Refreshing native plugins compatible for Editor in 0.22 ms, found 0 plugins.
Preloading 0 native plugins for Editor in 0.00 ms.
Unloading 1102 Unused Serialized files (Serialized files now loaded: 0)
System memory in use before: 73.9 MB.
System memory in use after: 74.0 MB.

Unloading 5 unused Assets to reduce memory usage. Loaded Objects now: 1558.
Total: 1.689600 ms (FindLiveObjects: 0.127900 ms CreateObjectMapping: 0.035900 ms MarkObjects: 1.466700 ms  DeleteObjects: 0.057900 ms)

========================================================================
Received Import Request.
  Time since last request: 18.883973 seconds.
  path: Assets/Models/player1.prefab
  artifactKey: Guid(d29bbf457ea1be44dae8b8138c02310f) Importer(815301076,1909f56bfc062723c751e8b465ee728b)
Start importing Assets/Models/player1.prefab using Guid(d29bbf457ea1be44dae8b8138c02310f) Importer(815301076,1909f56bfc062723c751e8b465ee728b)  -> (artifact id: '033d1edd4b3db8904dfe207f50fbd999') in 0.068909 seconds
  Import took 0.071718 seconds .

========================================================================
Received Import Request.
  Time since last request: 11.479430 seconds.
  path: Assets/Animation/player1.controller
  artifactKey: Guid(cce62111486c34741b254ab52ddf0270) Importer(815301076,1909f56bfc062723c751e8b465ee728b)
Start importing Assets/Animation/player1.controller using Guid(cce62111486c34741b254ab52ddf0270) Importer(815301076,1909f56bfc062723c751e8b465ee728b)  -> (artifact id: 'ca6c93da48bb628e5658cc213e371f22') in 0.012213 seconds
  Import took 0.014655 seconds .

========================================================================
Received Prepare
Registering precompiled user dll's ...
Registered in 0.000613 seconds.
Begin MonoManager ReloadAssembly
Native extension for WindowsStandalone target not found
Refreshing native plugins compatible for Editor in 0.21 ms, found 0 plugins.
Preloading 0 native plugins for Editor in 0.00 ms.
Invoked RoslynAnalysisRunner static constructor.
RoslynAnalysisRunner will not be running.
RoslynAnalysisRunner has terminated.
Mono: successfully reloaded assembly
- Completed reload, in  0.889 seconds
Platform modules already initialized, skipping
Refreshing native plugins compatible for Editor in 0.21 ms, found 0 plugins.
Preloading 0 native plugins for Editor in 0.00 ms.
Unloading 1102 Unused Serialized files (Serialized files now loaded: 0)
System memory in use before: 73.9 MB.
System memory in use after: 74.0 MB.

Unloading 5 unused Assets to reduce memory usage. Loaded Objects now: 1561.
Total: 1.810200 ms (FindLiveObjects: 0.138500 ms CreateObjectMapping: 0.059100 ms MarkObjects: 1.563400 ms  DeleteObjects: 0.048100 ms)

========================================================================
Received Import Request.
  Time since last request: 67.319483 seconds.
  path: Assets/Animation/New Animator Override Controller.overrideController
  artifactKey: Guid(cb09ac5aaf5e02f46b5c3b240bb96e2a) Importer(815301076,1909f56bfc062723c751e8b465ee728b)
Start importing Assets/Animation/New Animator Override Controller.overrideController using Guid(cb09ac5aaf5e02f46b5c3b240bb96e2a) Importer(815301076,1909f56bfc062723c751e8b465ee728b)  -> (artifact id: '24251ada04b4fead624390eafc7919b9') in 0.025451 seconds
  Import took 0.028557 seconds .

========================================================================
Received Import Request.
  Time since last request: 6.239439 seconds.
  path: Assets/Animation/New Animator Controller.controller
  artifactKey: Guid(fc419728d7d93be46a04f18acaa9974a) Importer(815301076,1909f56bfc062723c751e8b465ee728b)
Start importing Assets/Animation/New Animator Controller.controller using Guid(fc419728d7d93be46a04f18acaa9974a) Importer(815301076,1909f56bfc062723c751e8b465ee728b)  -> (artifact id: 'd6c61ea66f77964952425963a85ed17e') in 0.014169 seconds
  Import took 0.016492 seconds .

========================================================================
Received Import Request.
  Time since last request: 10.791879 seconds.
  path: Assets/Animation/player2.controller
  artifactKey: Guid(fc419728d7d93be46a04f18acaa9974a) Importer(815301076,1909f56bfc062723c751e8b465ee728b)
Start importing Assets/Animation/player2.controller using Guid(fc419728d7d93be46a04f18acaa9974a) Importer(815301076,1909f56bfc062723c751e8b465ee728b)  -> (artifact id: 'a4fd375e82c7b931de6ec6bfd70f6968') in 0.011820 seconds
  Import took 0.013795 seconds .

========================================================================
Received Prepare
Registering precompiled user dll's ...
Registered in 0.001537 seconds.
Begin MonoManager ReloadAssembly
Native extension for WindowsStandalone target not found
Refreshing native plugins compatible for Editor in 0.36 ms, found 0 plugins.
Preloading 0 native plugins for Editor in 0.00 ms.
Invoked RoslynAnalysisRunner static constructor.
RoslynAnalysisRunner will not be running.
RoslynAnalysisRunner has terminated.
Mono: successfully reloaded assembly
- Completed reload, in  1.061 seconds
Platform modules already initialized, skipping
Refreshing native plugins compatible for Editor in 0.27 ms, found 0 plugins.
Preloading 0 native plugins for Editor in 0.00 ms.
Unloading 1102 Unused Serialized files (Serialized files now loaded: 0)
System memory in use before: 74.0 MB.
System memory in use after: 74.0 MB.

Unloading 5 unused Assets to reduce memory usage. Loaded Objects now: 1563.
Total: 1.864200 ms (FindLiveObjects: 0.125700 ms CreateObjectMapping: 0.034900 ms MarkObjects: 1.611500 ms  DeleteObjects: 0.089600 ms)

========================================================================
Received Prepare
Registering precompiled user dll's ...
Registered in 0.000592 seconds.
Begin MonoManager ReloadAssembly
Native extension for WindowsStandalone target not found
Refreshing native plugins compatible for Editor in 0.30 ms, found 0 plugins.
Preloading 0 native plugins for Editor in 0.00 ms.
Invoked RoslynAnalysisRunner static constructor.
RoslynAnalysisRunner will not be running.
RoslynAnalysisRunner has terminated.
Mono: successfully reloaded assembly
- Completed reload, in  0.865 seconds
Platform modules already initialized, skipping
Refreshing native plugins compatible for Editor in 0.28 ms, found 0 plugins.
Preloading 0 native plugins for Editor in 0.00 ms.
Unloading 1102 Unused Serialized files (Serialized files now loaded: 0)
System memory in use before: 74.0 MB.
System memory in use after: 74.0 MB.

Unloading 5 unused Assets to reduce memory usage. Loaded Objects now: 1565.
Total: 1.970600 ms (FindLiveObjects: 0.167800 ms CreateObjectMapping: 0.047400 ms MarkObjects: 1.694000 ms  DeleteObjects: 0.059600 ms)

========================================================================
Received Prepare
Registering precompiled user dll's ...
Registered in 0.000549 seconds.
Begin MonoManager ReloadAssembly
Native extension for WindowsStandalone target not found
Refreshing native plugins compatible for Editor in 0.23 ms, found 0 plugins.
Preloading 0 native plugins for Editor in 0.00 ms.
Invoked RoslynAnalysisRunner static constructor.
RoslynAnalysisRunner will not be running.
RoslynAnalysisRunner has terminated.
Mono: successfully reloaded assembly
- Completed reload, in  0.936 seconds
Platform modules already initialized, skipping
Refreshing native plugins compatible for Editor in 0.27 ms, found 0 plugins.
Preloading 0 native plugins for Editor in 0.00 ms.
Unloading 1102 Unused Serialized files (Serialized files now loaded: 0)
System memory in use before: 74.0 MB.
System memory in use after: 74.0 MB.

Unloading 5 unused Assets to reduce memory usage. Loaded Objects now: 1567.
Total: 2.529200 ms (FindLiveObjects: 0.145900 ms CreateObjectMapping: 0.045500 ms MarkObjects: 2.279600 ms  DeleteObjects: 0.056500 ms)

========================================================================
Received Prepare
Registering precompiled user dll's ...
Registered in 0.000821 seconds.
Begin MonoManager ReloadAssembly
Native extension for WindowsStandalone target not found
Refreshing native plugins compatible for Editor in 0.24 ms, found 0 plugins.
Preloading 0 native plugins for Editor in 0.00 ms.
Invoked RoslynAnalysisRunner static constructor.
RoslynAnalysisRunner will not be running.
RoslynAnalysisRunner has terminated.
Mono: successfully reloaded assembly
- Completed reload, in  0.935 seconds
Platform modules already initialized, skipping
Refreshing native plugins compatible for Editor in 0.20 ms, found 0 plugins.
Preloading 0 native plugins for Editor in 0.00 ms.
Unloading 1102 Unused Serialized files (Serialized files now loaded: 0)
System memory in use before: 74.0 MB.
System memory in use after: 74.0 MB.

Unloading 5 unused Assets to reduce memory usage. Loaded Objects now: 1569.
Total: 1.844400 ms (FindLiveObjects: 0.168300 ms CreateObjectMapping: 0.040800 ms MarkObjects: 1.489900 ms  DeleteObjects: 0.143900 ms)

AssetImportWorkerClient::OnTransportError - code=2 error=End of file
