Using pre-set license
Built from '2020.2/staging' branch; Version is '2020.2.6f1 (8a2143876886) revision 9052483'; Using compiler version '192528614'; Build Type 'Release'
OS: 'Windows 10 Pro; OS build 18363.1556; Version 1909; 64bit' Language: 'th' Physical Memory: 16345 MB
BatchMode: 1, IsHumanControllingUs: 0, StartBugReporterOnCrash: 0, Is64bit: 1, IsPro: 0

 COMMAND LINE ARGUMENTS:
E:\2020.2.6f1\Editor\Unity.exe
-adb2
-batchMode
-noUpm
-name
AssetImportWorker0
-projectPath
E:/project_S/GameFight3D
-logFile
Logs/AssetImportWorker0.log
-srvPort
51094
Successfully changed project path to: E:/project_S/GameFight3D
E:/project_S/GameFight3D
Using Asset Import Pipeline V2.
Refreshing native plugins compatible for Editor in 26.48 ms, found 0 plugins.
Preloading 0 native plugins for Editor in 0.00 ms.
Initialize engine version: 2020.2.6f1 (8a2143876886)
[Subsystems] Discovering subsystems at path E:/2020.2.6f1/Editor/Data/Resources/UnitySubsystems
[Subsystems] Discovering subsystems at path E:/project_S/GameFight3D/Assets
GfxDevice: creating device client; threaded=0
Direct3D:
    Version:  Direct3D 11.0 [level 11.1]
    Renderer: NVIDIA GeForce GTX 1050 Ti (ID=0x1c82)
    Vendor:   
    VRAM:     4017 MB
    Driver:   31.0.15.3699
Initialize mono
Mono path[0] = 'E:/2020.2.6f1/Editor/Data/Managed'
Mono path[1] = 'E:/2020.2.6f1/Editor/Data/MonoBleedingEdge/lib/mono/unityjit'
Mono config path = 'E:/2020.2.6f1/Editor/Data/MonoBleedingEdge/etc'
Using monoOptions --debugger-agent=transport=dt_socket,embedding=1,server=y,suspend=n,address=127.0.0.1:56948
Begin MonoManager ReloadAssembly
Registering precompiled unity dll's ...
Register platform support module: E:/2020.2.6f1/Editor/Data/PlaybackEngines/WindowsStandaloneSupport/UnityEditor.WindowsStandalone.Extensions.dll
Registered in 0.001118 seconds.
Native extension for WindowsStandalone target not found
Refreshing native plugins compatible for Editor in 26.74 ms, found 0 plugins.
Preloading 0 native plugins for Editor in 0.00 ms.
Invoked RoslynAnalysisRunner static constructor.
RoslynAnalysisRunner will not be running.
RoslynAnalysisRunner has terminated.
Mono: successfully reloaded assembly
- Completed reload, in  0.951 seconds
Platform modules already initialized, skipping
Registering precompiled user dll's ...
Registered in 0.000635 seconds.
Begin MonoManager ReloadAssembly
Native extension for WindowsStandalone target not found
Refreshing native plugins compatible for Editor in 0.29 ms, found 0 plugins.
Preloading 0 native plugins for Editor in 0.00 ms.
Invoked RoslynAnalysisRunner static constructor.
RoslynAnalysisRunner will not be running.
RoslynAnalysisRunner has terminated.
Mono: successfully reloaded assembly
- Completed reload, in  0.958 seconds
Platform modules already initialized, skipping
========================================================================
Worker process is ready to serve import requests
Launched and connected shader compiler UnityShaderCompiler.exe after 0.05 seconds
Refreshing native plugins compatible for Editor in 0.25 ms, found 0 plugins.
Preloading 0 native plugins for Editor in 0.00 ms.
Unloading 1108 Unused Serialized files (Serialized files now loaded: 0)
System memory in use before: 56.9 MB.
System memory in use after: 56.9 MB.

Unloading 10 unused Assets to reduce memory usage. Loaded Objects now: 1549.
Total: 2.005300 ms (FindLiveObjects: 0.155100 ms CreateObjectMapping: 0.050000 ms MarkObjects: 1.697800 ms  DeleteObjects: 0.100400 ms)

========================================================================
Received Import Request.
  path: Assets/Models/untitled24.fbx
  artifactKey: Guid(be768aa66f5f147488e607793e82a466) Importer(815301076,1909f56bfc062723c751e8b465ee728b)
Start importing Assets/Models/untitled24.fbx using Guid(be768aa66f5f147488e607793e82a466) Importer(815301076,1909f56bfc062723c751e8b465ee728b)  -> (artifact id: '7f40560b593a16d01359d0d03fe3ac77') in 0.452376 seconds
  Import took 0.455932 seconds .

========================================================================
Received Import Request.
  Time since last request: 10.819644 seconds.
  path: Assets/Models/New Prefab.prefab
  artifactKey: Guid(9844084d51aff8f4f8cd8581035c187a) Importer(815301076,1909f56bfc062723c751e8b465ee728b)
Start importing Assets/Models/New Prefab.prefab using Guid(9844084d51aff8f4f8cd8581035c187a) Importer(815301076,1909f56bfc062723c751e8b465ee728b)  -> (artifact id: '6e1b2d68ec8922294215b1c7483beaae') in 0.014270 seconds
  Import took 0.017143 seconds .

========================================================================
Received Import Request.
  Time since last request: 0.065707 seconds.
  path: Assets/Models/New Prefab.prefab
  artifactKey: Guid(9844084d51aff8f4f8cd8581035c187a) Importer(815301076,1909f56bfc062723c751e8b465ee728b)
Start importing Assets/Models/New Prefab.prefab using Guid(9844084d51aff8f4f8cd8581035c187a) Importer(815301076,1909f56bfc062723c751e8b465ee728b)  -> (artifact id: '6e1b2d68ec8922294215b1c7483beaae') in 0.003071 seconds
  Import took 0.005449 seconds .

========================================================================
Received Import Request.
  Time since last request: 2.567903 seconds.
  path: Assets/Models/New Prefab.prefab
  artifactKey: Guid(9844084d51aff8f4f8cd8581035c187a) Importer(815301076,1909f56bfc062723c751e8b465ee728b)
Start importing Assets/Models/New Prefab.prefab using Guid(9844084d51aff8f4f8cd8581035c187a) Importer(815301076,1909f56bfc062723c751e8b465ee728b)  -> (artifact id: '712119e063b48f8b61624e59c0b64df1') in 0.024834 seconds
  Import took 0.027588 seconds .

========================================================================
Received Import Request.
  Time since last request: 0.001455 seconds.
  path: Assets/Models/New Prefab.prefab
  artifactKey: Guid(9844084d51aff8f4f8cd8581035c187a) Importer(815301076,1909f56bfc062723c751e8b465ee728b)
Start importing Assets/Models/New Prefab.prefab using Guid(9844084d51aff8f4f8cd8581035c187a) Importer(815301076,1909f56bfc062723c751e8b465ee728b)  -> (artifact id: '712119e063b48f8b61624e59c0b64df1') in 0.021654 seconds
  Import took 0.024553 seconds .

========================================================================
Received Import Request.
  Time since last request: 17.588864 seconds.
  path: Assets/Models/player2.prefab
  artifactKey: Guid(9844084d51aff8f4f8cd8581035c187a) Importer(815301076,1909f56bfc062723c751e8b465ee728b)
Start importing Assets/Models/player2.prefab using Guid(9844084d51aff8f4f8cd8581035c187a) Importer(815301076,1909f56bfc062723c751e8b465ee728b)  -> (artifact id: 'f757fc3cd2ff9758a511d4b337a55a84') in 0.023684 seconds
  Import took 0.026514 seconds .

========================================================================
Received Import Request.
  Time since last request: 617.294268 seconds.
  path: Assets/Animation/player2.controller
  artifactKey: Guid(fc419728d7d93be46a04f18acaa9974a) Importer(815301076,1909f56bfc062723c751e8b465ee728b)
Start importing Assets/Animation/player2.controller using Guid(fc419728d7d93be46a04f18acaa9974a) Importer(815301076,1909f56bfc062723c751e8b465ee728b)  -> (artifact id: 'a0aa6eb64cde3b16e7669b7fc08fd38a') in 0.008737 seconds
  Import took 0.011540 seconds .

========================================================================
Received Import Request.
  Time since last request: 0.002556 seconds.
  path: Assets/Animation/player2.controller
  artifactKey: Guid(fc419728d7d93be46a04f18acaa9974a) Importer(815301076,1909f56bfc062723c751e8b465ee728b)
Start importing Assets/Animation/player2.controller using Guid(fc419728d7d93be46a04f18acaa9974a) Importer(815301076,1909f56bfc062723c751e8b465ee728b)  -> (artifact id: 'a0aa6eb64cde3b16e7669b7fc08fd38a') in 0.007736 seconds
  Import took 0.010658 seconds .

========================================================================
Received Import Request.
  Time since last request: 450.535487 seconds.
  path: Assets/Animation/player1.controller
  artifactKey: Guid(cce62111486c34741b254ab52ddf0270) Importer(815301076,1909f56bfc062723c751e8b465ee728b)
Start importing Assets/Animation/player1.controller using Guid(cce62111486c34741b254ab52ddf0270) Importer(815301076,1909f56bfc062723c751e8b465ee728b)  -> (artifact id: 'af58ca32da39e42016c63d665655cde2') in 0.029321 seconds
  Import took 0.032305 seconds .

========================================================================
Received Prepare
Registering precompiled user dll's ...
Registered in 0.000648 seconds.
Begin MonoManager ReloadAssembly
Native extension for WindowsStandalone target not found
Refreshing native plugins compatible for Editor in 0.22 ms, found 0 plugins.
Preloading 0 native plugins for Editor in 0.00 ms.
Invoked RoslynAnalysisRunner static constructor.
RoslynAnalysisRunner will not be running.
RoslynAnalysisRunner has terminated.
Mono: successfully reloaded assembly
- Completed reload, in  0.933 seconds
Platform modules already initialized, skipping
Refreshing native plugins compatible for Editor in 0.23 ms, found 0 plugins.
Preloading 0 native plugins for Editor in 0.00 ms.
Unloading 1103 Unused Serialized files (Serialized files now loaded: 0)
System memory in use before: 74.3 MB.
System memory in use after: 74.4 MB.

Unloading 5 unused Assets to reduce memory usage. Loaded Objects now: 1595.
Total: 1.881200 ms (FindLiveObjects: 0.131400 ms CreateObjectMapping: 0.034800 ms MarkObjects: 1.648100 ms  DeleteObjects: 0.064700 ms)

========================================================================
Received Prepare
Registering precompiled user dll's ...
Registered in 0.000736 seconds.
Begin MonoManager ReloadAssembly
Native extension for WindowsStandalone target not found
Refreshing native plugins compatible for Editor in 0.21 ms, found 0 plugins.
Preloading 0 native plugins for Editor in 0.00 ms.
Invoked RoslynAnalysisRunner static constructor.
RoslynAnalysisRunner will not be running.
RoslynAnalysisRunner has terminated.
Mono: successfully reloaded assembly
- Completed reload, in  0.873 seconds
Platform modules already initialized, skipping
Refreshing native plugins compatible for Editor in 0.21 ms, found 0 plugins.
Preloading 0 native plugins for Editor in 0.00 ms.
Unloading 1103 Unused Serialized files (Serialized files now loaded: 0)
System memory in use before: 74.4 MB.
System memory in use after: 74.4 MB.

Unloading 5 unused Assets to reduce memory usage. Loaded Objects now: 1597.
Total: 1.905600 ms (FindLiveObjects: 0.153300 ms CreateObjectMapping: 0.044300 ms MarkObjects: 1.650400 ms  DeleteObjects: 0.056400 ms)

========================================================================
Received Import Request.
  Time since last request: 214.956456 seconds.
  path: Assets/Script/Fighter1.cs
  artifactKey: Guid(aa00b1fd3aebe1047befb2441ef1f8fd) Importer(815301076,1909f56bfc062723c751e8b465ee728b)
Start importing Assets/Script/Fighter1.cs using Guid(aa00b1fd3aebe1047befb2441ef1f8fd) Importer(815301076,1909f56bfc062723c751e8b465ee728b)  -> (artifact id: '3caaec9300aee24b35ec07e31d10fe8f') in 0.026625 seconds
  Import took 0.028753 seconds .

========================================================================
Received Import Request.
  Time since last request: 1.541296 seconds.
  path: Assets/Script/Fighter1.cs
  artifactKey: Guid(aa00b1fd3aebe1047befb2441ef1f8fd) Importer(815301076,1909f56bfc062723c751e8b465ee728b)
Start importing Assets/Script/Fighter1.cs using Guid(aa00b1fd3aebe1047befb2441ef1f8fd) Importer(815301076,1909f56bfc062723c751e8b465ee728b)  -> (artifact id: '3caaec9300aee24b35ec07e31d10fe8f') in 0.002462 seconds
  Import took 0.004545 seconds .

========================================================================
Received Prepare
Registering precompiled user dll's ...
Registered in 0.000660 seconds.
Begin MonoManager ReloadAssembly
Native extension for WindowsStandalone target not found
Refreshing native plugins compatible for Editor in 0.23 ms, found 0 plugins.
Preloading 0 native plugins for Editor in 0.00 ms.
Invoked RoslynAnalysisRunner static constructor.
RoslynAnalysisRunner will not be running.
RoslynAnalysisRunner has terminated.
Mono: successfully reloaded assembly
- Completed reload, in  1.156 seconds
Platform modules already initialized, skipping
Refreshing native plugins compatible for Editor in 0.28 ms, found 0 plugins.
Preloading 0 native plugins for Editor in 0.00 ms.
Unloading 1103 Unused Serialized files (Serialized files now loaded: 0)
System memory in use before: 74.4 MB.
System memory in use after: 74.5 MB.

Unloading 5 unused Assets to reduce memory usage. Loaded Objects now: 1599.
Total: 2.183300 ms (FindLiveObjects: 0.154600 ms CreateObjectMapping: 0.045700 ms MarkObjects: 1.912600 ms  DeleteObjects: 0.068600 ms)

========================================================================
Received Prepare
Registering precompiled user dll's ...
Registered in 0.000599 seconds.
Begin MonoManager ReloadAssembly
Native extension for WindowsStandalone target not found
Refreshing native plugins compatible for Editor in 0.23 ms, found 0 plugins.
Preloading 0 native plugins for Editor in 0.00 ms.
Invoked RoslynAnalysisRunner static constructor.
RoslynAnalysisRunner will not be running.
RoslynAnalysisRunner has terminated.
Mono: successfully reloaded assembly
- Completed reload, in  1.090 seconds
Platform modules already initialized, skipping
Refreshing native plugins compatible for Editor in 0.40 ms, found 0 plugins.
Preloading 0 native plugins for Editor in 0.00 ms.
Unloading 1103 Unused Serialized files (Serialized files now loaded: 0)
System memory in use before: 74.4 MB.
System memory in use after: 74.5 MB.

Unloading 5 unused Assets to reduce memory usage. Loaded Objects now: 1601.
Total: 1.995800 ms (FindLiveObjects: 0.145900 ms CreateObjectMapping: 0.042600 ms MarkObjects: 1.746100 ms  DeleteObjects: 0.060000 ms)

========================================================================
Received Prepare
Registering precompiled user dll's ...
Registered in 0.000630 seconds.
Begin MonoManager ReloadAssembly
Native extension for WindowsStandalone target not found
Refreshing native plugins compatible for Editor in 0.21 ms, found 0 plugins.
Preloading 0 native plugins for Editor in 0.00 ms.
Invoked RoslynAnalysisRunner static constructor.
RoslynAnalysisRunner will not be running.
RoslynAnalysisRunner has terminated.
Mono: successfully reloaded assembly
- Completed reload, in  0.941 seconds
Platform modules already initialized, skipping
Refreshing native plugins compatible for Editor in 0.30 ms, found 0 plugins.
Preloading 0 native plugins for Editor in 0.00 ms.
Unloading 1103 Unused Serialized files (Serialized files now loaded: 0)
System memory in use before: 74.5 MB.
System memory in use after: 74.5 MB.

Unloading 5 unused Assets to reduce memory usage. Loaded Objects now: 1603.
Total: 2.448500 ms (FindLiveObjects: 0.141600 ms CreateObjectMapping: 0.038200 ms MarkObjects: 2.203500 ms  DeleteObjects: 0.063200 ms)

========================================================================
Received Prepare
Registering precompiled user dll's ...
Registered in 0.000633 seconds.
Begin MonoManager ReloadAssembly
Native extension for WindowsStandalone target not found
Refreshing native plugins compatible for Editor in 0.21 ms, found 0 plugins.
Preloading 0 native plugins for Editor in 0.00 ms.
Invoked RoslynAnalysisRunner static constructor.
RoslynAnalysisRunner will not be running.
RoslynAnalysisRunner has terminated.
Mono: successfully reloaded assembly
- Completed reload, in  0.901 seconds
Platform modules already initialized, skipping
Refreshing native plugins compatible for Editor in 0.21 ms, found 0 plugins.
Preloading 0 native plugins for Editor in 0.00 ms.
Unloading 1103 Unused Serialized files (Serialized files now loaded: 0)
System memory in use before: 74.5 MB.
System memory in use after: 74.5 MB.

Unloading 5 unused Assets to reduce memory usage. Loaded Objects now: 1605.
Total: 2.011900 ms (FindLiveObjects: 0.149200 ms CreateObjectMapping: 0.048800 ms MarkObjects: 1.742300 ms  DeleteObjects: 0.069900 ms)

========================================================================
Received Prepare
Registering precompiled user dll's ...
Registered in 0.000584 seconds.
Begin MonoManager ReloadAssembly
Native extension for WindowsStandalone target not found
Refreshing native plugins compatible for Editor in 0.24 ms, found 0 plugins.
Preloading 0 native plugins for Editor in 0.00 ms.
Invoked RoslynAnalysisRunner static constructor.
RoslynAnalysisRunner will not be running.
RoslynAnalysisRunner has terminated.
Mono: successfully reloaded assembly
- Completed reload, in  0.916 seconds
Platform modules already initialized, skipping
Refreshing native plugins compatible for Editor in 0.22 ms, found 0 plugins.
Preloading 0 native plugins for Editor in 0.00 ms.
Unloading 1103 Unused Serialized files (Serialized files now loaded: 0)
System memory in use before: 74.5 MB.
System memory in use after: 74.5 MB.

Unloading 5 unused Assets to reduce memory usage. Loaded Objects now: 1607.
Total: 1.787900 ms (FindLiveObjects: 0.244300 ms CreateObjectMapping: 0.051200 ms MarkObjects: 1.431500 ms  DeleteObjects: 0.059600 ms)

========================================================================
Received Prepare
Registering precompiled user dll's ...
Registered in 0.000614 seconds.
Begin MonoManager ReloadAssembly
Native extension for WindowsStandalone target not found
Refreshing native plugins compatible for Editor in 0.21 ms, found 0 plugins.
Preloading 0 native plugins for Editor in 0.00 ms.
Invoked RoslynAnalysisRunner static constructor.
RoslynAnalysisRunner will not be running.
RoslynAnalysisRunner has terminated.
Mono: successfully reloaded assembly
- Completed reload, in  0.926 seconds
Platform modules already initialized, skipping
Refreshing native plugins compatible for Editor in 0.25 ms, found 0 plugins.
Preloading 0 native plugins for Editor in 0.00 ms.
Unloading 1103 Unused Serialized files (Serialized files now loaded: 0)
System memory in use before: 74.5 MB.
System memory in use after: 74.5 MB.

Unloading 5 unused Assets to reduce memory usage. Loaded Objects now: 1609.
Total: 1.744400 ms (FindLiveObjects: 0.145500 ms CreateObjectMapping: 0.039400 ms MarkObjects: 1.495900 ms  DeleteObjects: 0.061600 ms)

========================================================================
Received Import Request.
  Time since last request: 2588.713551 seconds.
  path: Assets/Script/NewBehaviourScript.cs
  artifactKey: Guid(54a810858859f554fb8e8c3981de3e38) Importer(815301076,1909f56bfc062723c751e8b465ee728b)
Start importing Assets/Script/NewBehaviourScript.cs using Guid(54a810858859f554fb8e8c3981de3e38) Importer(815301076,1909f56bfc062723c751e8b465ee728b)  -> (artifact id: '07a143b0b7b4a05df8a9fc3541701709') in 0.014131 seconds
  Import took 0.016710 seconds .

========================================================================
Received Prepare
Registering precompiled user dll's ...
Registered in 0.000648 seconds.
Begin MonoManager ReloadAssembly
Native extension for WindowsStandalone target not found
Refreshing native plugins compatible for Editor in 0.22 ms, found 0 plugins.
Preloading 0 native plugins for Editor in 0.00 ms.
Invoked RoslynAnalysisRunner static constructor.
RoslynAnalysisRunner will not be running.
RoslynAnalysisRunner has terminated.
Mono: successfully reloaded assembly
- Completed reload, in  1.071 seconds
Platform modules already initialized, skipping
Refreshing native plugins compatible for Editor in 0.29 ms, found 0 plugins.
Preloading 0 native plugins for Editor in 0.00 ms.
Unloading 1104 Unused Serialized files (Serialized files now loaded: 0)
System memory in use before: 74.5 MB.
System memory in use after: 74.6 MB.

Unloading 5 unused Assets to reduce memory usage. Loaded Objects now: 1612.
Total: 2.026400 ms (FindLiveObjects: 0.145700 ms CreateObjectMapping: 0.041100 ms MarkObjects: 1.776400 ms  DeleteObjects: 0.061900 ms)

========================================================================
Received Import Request.
  Time since last request: 51.249163 seconds.
  path: Assets/Script/DamageCollider.cs
  artifactKey: Guid(54a810858859f554fb8e8c3981de3e38) Importer(815301076,1909f56bfc062723c751e8b465ee728b)
Start importing Assets/Script/DamageCollider.cs using Guid(54a810858859f554fb8e8c3981de3e38) Importer(815301076,1909f56bfc062723c751e8b465ee728b)  -> (artifact id: 'c0fb61ede6582ae416d21ac40300c04e') in 0.058179 seconds
  Import took 0.063272 seconds .

========================================================================
Received Prepare
Registering precompiled user dll's ...
Registered in 0.000584 seconds.
Begin MonoManager ReloadAssembly
Native extension for WindowsStandalone target not found
Refreshing native plugins compatible for Editor in 0.37 ms, found 0 plugins.
Preloading 0 native plugins for Editor in 0.00 ms.
Invoked RoslynAnalysisRunner static constructor.
RoslynAnalysisRunner will not be running.
RoslynAnalysisRunner has terminated.
Mono: successfully reloaded assembly
- Completed reload, in  1.123 seconds
Platform modules already initialized, skipping
Refreshing native plugins compatible for Editor in 0.22 ms, found 0 plugins.
Preloading 0 native plugins for Editor in 0.00 ms.
Unloading 1104 Unused Serialized files (Serialized files now loaded: 0)
System memory in use before: 74.5 MB.
System memory in use after: 74.6 MB.

Unloading 5 unused Assets to reduce memory usage. Loaded Objects now: 1614.
Total: 2.855500 ms (FindLiveObjects: 0.169600 ms CreateObjectMapping: 0.307200 ms MarkObjects: 2.313600 ms  DeleteObjects: 0.062800 ms)

========================================================================
Received Import Request.
  Time since last request: 21.614490 seconds.
  path: Assets/Script/NewBehaviourScript.cs
  artifactKey: Guid(1c11283d1c9d5e54da913a909a21fcdc) Importer(815301076,1909f56bfc062723c751e8b465ee728b)
Start importing Assets/Script/NewBehaviourScript.cs using Guid(1c11283d1c9d5e54da913a909a21fcdc) Importer(815301076,1909f56bfc062723c751e8b465ee728b)  -> (artifact id: 'dae3bf5128191ae651f25640e6c7d2e1') in 0.014306 seconds
  Import took 0.017117 seconds .

========================================================================
Received Import Request.
  Time since last request: 7.436286 seconds.
  path: Assets/Script/DamageCollider2.cs
  artifactKey: Guid(1c11283d1c9d5e54da913a909a21fcdc) Importer(815301076,1909f56bfc062723c751e8b465ee728b)
Start importing Assets/Script/DamageCollider2.cs using Guid(1c11283d1c9d5e54da913a909a21fcdc) Importer(815301076,1909f56bfc062723c751e8b465ee728b)  -> (artifact id: '9d7d27b259caca45a0ef2d21059afa2e') in 0.012133 seconds
  Import took 0.014760 seconds .

========================================================================
Received Import Request.
  Time since last request: 25.231236 seconds.
  path: Assets/Script/DamageCollider2.cs
  artifactKey: Guid(1c11283d1c9d5e54da913a909a21fcdc) Importer(815301076,1909f56bfc062723c751e8b465ee728b)
Start importing Assets/Script/DamageCollider2.cs using Guid(1c11283d1c9d5e54da913a909a21fcdc) Importer(815301076,1909f56bfc062723c751e8b465ee728b)  -> (artifact id: '1b9f093055d6c88a44add8ab7e787792') in 0.015890 seconds
  Import took 0.019135 seconds .

========================================================================
Received Prepare
Registering precompiled user dll's ...
Registered in 0.000626 seconds.
Begin MonoManager ReloadAssembly
Native extension for WindowsStandalone target not found
Refreshing native plugins compatible for Editor in 0.23 ms, found 0 plugins.
Preloading 0 native plugins for Editor in 0.00 ms.
Invoked RoslynAnalysisRunner static constructor.
RoslynAnalysisRunner will not be running.
RoslynAnalysisRunner has terminated.
Mono: successfully reloaded assembly
- Completed reload, in  0.991 seconds
Platform modules already initialized, skipping
Refreshing native plugins compatible for Editor in 0.21 ms, found 0 plugins.
Preloading 0 native plugins for Editor in 0.00 ms.
Unloading 1104 Unused Serialized files (Serialized files now loaded: 0)
System memory in use before: 74.5 MB.
System memory in use after: 74.6 MB.

Unloading 6 unused Assets to reduce memory usage. Loaded Objects now: 1616.
Total: 1.869400 ms (FindLiveObjects: 0.204400 ms CreateObjectMapping: 0.044200 ms MarkObjects: 1.470700 ms  DeleteObjects: 0.148800 ms)

========================================================================
Received Prepare
Registering precompiled user dll's ...
Registered in 0.000698 seconds.
Begin MonoManager ReloadAssembly
Native extension for WindowsStandalone target not found
Refreshing native plugins compatible for Editor in 0.21 ms, found 0 plugins.
Preloading 0 native plugins for Editor in 0.00 ms.
Invoked RoslynAnalysisRunner static constructor.
RoslynAnalysisRunner will not be running.
RoslynAnalysisRunner has terminated.
Mono: successfully reloaded assembly
- Completed reload, in  0.912 seconds
Platform modules already initialized, skipping
Refreshing native plugins compatible for Editor in 0.22 ms, found 0 plugins.
Preloading 0 native plugins for Editor in 0.00 ms.
Unloading 1104 Unused Serialized files (Serialized files now loaded: 0)
System memory in use before: 74.5 MB.
System memory in use after: 74.6 MB.

Unloading 5 unused Assets to reduce memory usage. Loaded Objects now: 1618.
Total: 1.950100 ms (FindLiveObjects: 0.155300 ms CreateObjectMapping: 0.041500 ms MarkObjects: 1.660800 ms  DeleteObjects: 0.090900 ms)

========================================================================
Received Import Request.
  Time since last request: 428.982995 seconds.
  path: Assets/Script/DamageCollider2.cs
  artifactKey: Guid(1c11283d1c9d5e54da913a909a21fcdc) Importer(815301076,1909f56bfc062723c751e8b465ee728b)
Start importing Assets/Script/DamageCollider2.cs using Guid(1c11283d1c9d5e54da913a909a21fcdc) Importer(815301076,1909f56bfc062723c751e8b465ee728b)  -> (artifact id: '6f4b8c0b9c9c860c3be2a7e09e94e9e3') in 0.004197 seconds
  Import took 0.006295 seconds .

========================================================================
Received Import Request.
  Time since last request: 21.995181 seconds.
  path: Assets/Script/NewBehaviourScript.cs
  artifactKey: Guid(1270a108d7bc9884c850fe7db93df18f) Importer(815301076,1909f56bfc062723c751e8b465ee728b)
Start importing Assets/Script/NewBehaviourScript.cs using Guid(1270a108d7bc9884c850fe7db93df18f) Importer(815301076,1909f56bfc062723c751e8b465ee728b)  -> (artifact id: '622aeee90c65d6b342d54a7ea514009f') in 0.004080 seconds
  Import took 0.006625 seconds .

========================================================================
Received Prepare
Registering precompiled user dll's ...
Registered in 0.001029 seconds.
Begin MonoManager ReloadAssembly
Native extension for WindowsStandalone target not found
Refreshing native plugins compatible for Editor in 0.23 ms, found 0 plugins.
Preloading 0 native plugins for Editor in 0.00 ms.
Invoked RoslynAnalysisRunner static constructor.
RoslynAnalysisRunner will not be running.
RoslynAnalysisRunner has terminated.
Mono: successfully reloaded assembly
- Completed reload, in  1.248 seconds
Platform modules already initialized, skipping
Refreshing native plugins compatible for Editor in 0.22 ms, found 0 plugins.
Preloading 0 native plugins for Editor in 0.00 ms.
Unloading 1105 Unused Serialized files (Serialized files now loaded: 0)
System memory in use before: 74.5 MB.
System memory in use after: 74.6 MB.

Unloading 5 unused Assets to reduce memory usage. Loaded Objects now: 1621.
Total: 2.247000 ms (FindLiveObjects: 0.188100 ms CreateObjectMapping: 0.041700 ms MarkObjects: 1.947300 ms  DeleteObjects: 0.060100 ms)

========================================================================
Received Import Request.
  Time since last request: 13.837513 seconds.
  path: Assets/Script/DamageCollider1.cs
  artifactKey: Guid(1270a108d7bc9884c850fe7db93df18f) Importer(815301076,1909f56bfc062723c751e8b465ee728b)
Start importing Assets/Script/DamageCollider1.cs using Guid(1270a108d7bc9884c850fe7db93df18f) Importer(815301076,1909f56bfc062723c751e8b465ee728b)  -> (artifact id: '75949f6286169899ce78f17d532c92ba') in 0.021923 seconds
  Import took 0.025180 seconds .

========================================================================
Received Prepare
Registering precompiled user dll's ...
Registered in 0.000610 seconds.
Begin MonoManager ReloadAssembly
Native extension for WindowsStandalone target not found
Refreshing native plugins compatible for Editor in 0.39 ms, found 0 plugins.
Preloading 0 native plugins for Editor in 0.00 ms.
Invoked RoslynAnalysisRunner static constructor.
RoslynAnalysisRunner will not be running.
RoslynAnalysisRunner has terminated.
Mono: successfully reloaded assembly
- Completed reload, in  1.271 seconds
Platform modules already initialized, skipping
Refreshing native plugins compatible for Editor in 0.21 ms, found 0 plugins.
Preloading 0 native plugins for Editor in 0.00 ms.
Unloading 1105 Unused Serialized files (Serialized files now loaded: 0)
System memory in use before: 74.5 MB.
System memory in use after: 74.6 MB.

Unloading 5 unused Assets to reduce memory usage. Loaded Objects now: 1623.
Total: 2.815100 ms (FindLiveObjects: 0.252100 ms CreateObjectMapping: 0.433600 ms MarkObjects: 2.010600 ms  DeleteObjects: 0.117400 ms)

========================================================================
Received Prepare
Registering precompiled user dll's ...
Registered in 0.000658 seconds.
Begin MonoManager ReloadAssembly
Native extension for WindowsStandalone target not found
Refreshing native plugins compatible for Editor in 0.22 ms, found 0 plugins.
Preloading 0 native plugins for Editor in 0.00 ms.
Invoked RoslynAnalysisRunner static constructor.
RoslynAnalysisRunner will not be running.
RoslynAnalysisRunner has terminated.
Mono: successfully reloaded assembly
- Completed reload, in  0.881 seconds
Platform modules already initialized, skipping
Refreshing native plugins compatible for Editor in 0.23 ms, found 0 plugins.
Preloading 0 native plugins for Editor in 0.00 ms.
Unloading 1105 Unused Serialized files (Serialized files now loaded: 0)
System memory in use before: 74.5 MB.
System memory in use after: 74.6 MB.

Unloading 5 unused Assets to reduce memory usage. Loaded Objects now: 1625.
Total: 1.721800 ms (FindLiveObjects: 0.171600 ms CreateObjectMapping: 0.043600 ms MarkObjects: 1.435100 ms  DeleteObjects: 0.070300 ms)

========================================================================
Received Import Request.
  Time since last request: 45.253108 seconds.
  path: Assets/Script/DamageCollider1.cs
  artifactKey: Guid(1270a108d7bc9884c850fe7db93df18f) Importer(815301076,1909f56bfc062723c751e8b465ee728b)
Start importing Assets/Script/DamageCollider1.cs using Guid(1270a108d7bc9884c850fe7db93df18f) Importer(815301076,1909f56bfc062723c751e8b465ee728b)  -> (artifact id: 'a96a472d1ab8887c0078f145bbb2ea26') in 0.004095 seconds
  Import took 0.006282 seconds .

========================================================================
Received Prepare
Registering precompiled user dll's ...
Registered in 0.000921 seconds.
Begin MonoManager ReloadAssembly
Native extension for WindowsStandalone target not found
Refreshing native plugins compatible for Editor in 0.36 ms, found 0 plugins.
Preloading 0 native plugins for Editor in 0.00 ms.
Invoked RoslynAnalysisRunner static constructor.
RoslynAnalysisRunner will not be running.
RoslynAnalysisRunner has terminated.
Mono: successfully reloaded assembly
- Completed reload, in  0.965 seconds
Platform modules already initialized, skipping
Refreshing native plugins compatible for Editor in 0.23 ms, found 0 plugins.
Preloading 0 native plugins for Editor in 0.00 ms.
Unloading 1105 Unused Serialized files (Serialized files now loaded: 0)
System memory in use before: 74.5 MB.
System memory in use after: 74.6 MB.

Unloading 5 unused Assets to reduce memory usage. Loaded Objects now: 1627.
Total: 1.948000 ms (FindLiveObjects: 0.159500 ms CreateObjectMapping: 0.043400 ms MarkObjects: 1.680200 ms  DeleteObjects: 0.063400 ms)

========================================================================
Received Prepare
Registering precompiled user dll's ...
Registered in 0.000585 seconds.
Begin MonoManager ReloadAssembly
Native extension for WindowsStandalone target not found
Refreshing native plugins compatible for Editor in 0.24 ms, found 0 plugins.
Preloading 0 native plugins for Editor in 0.00 ms.
Invoked RoslynAnalysisRunner static constructor.
RoslynAnalysisRunner will not be running.
RoslynAnalysisRunner has terminated.
Mono: successfully reloaded assembly
- Completed reload, in  0.935 seconds
Platform modules already initialized, skipping
Refreshing native plugins compatible for Editor in 0.21 ms, found 0 plugins.
Preloading 0 native plugins for Editor in 0.00 ms.
Unloading 1105 Unused Serialized files (Serialized files now loaded: 0)
System memory in use before: 74.6 MB.
System memory in use after: 74.7 MB.

Unloading 5 unused Assets to reduce memory usage. Loaded Objects now: 1629.
Total: 2.388100 ms (FindLiveObjects: 0.337200 ms CreateObjectMapping: 0.088000 ms MarkObjects: 1.898200 ms  DeleteObjects: 0.062900 ms)

========================================================================
Received Import Request.
  Time since last request: 1704.457397 seconds.
  path: Assets/Script/DamageCollider1.cs
  artifactKey: Guid(1270a108d7bc9884c850fe7db93df18f) Importer(815301076,1909f56bfc062723c751e8b465ee728b)
Start importing Assets/Script/DamageCollider1.cs using Guid(1270a108d7bc9884c850fe7db93df18f) Importer(815301076,1909f56bfc062723c751e8b465ee728b)  -> (artifact id: '459b9ceeb524d37b1b8fea196c431b9d') in 0.004132 seconds
  Import took 0.006284 seconds .

========================================================================
Received Prepare
Registering precompiled user dll's ...
Registered in 0.000577 seconds.
Begin MonoManager ReloadAssembly
Native extension for WindowsStandalone target not found
Refreshing native plugins compatible for Editor in 0.24 ms, found 0 plugins.
Preloading 0 native plugins for Editor in 0.00 ms.
Invoked RoslynAnalysisRunner static constructor.
RoslynAnalysisRunner will not be running.
RoslynAnalysisRunner has terminated.
Mono: successfully reloaded assembly
- Completed reload, in  0.914 seconds
Platform modules already initialized, skipping
Refreshing native plugins compatible for Editor in 0.21 ms, found 0 plugins.
Preloading 0 native plugins for Editor in 0.00 ms.
Unloading 1105 Unused Serialized files (Serialized files now loaded: 0)
System memory in use before: 74.6 MB.
System memory in use after: 74.7 MB.

Unloading 5 unused Assets to reduce memory usage. Loaded Objects now: 1631.
Total: 1.653000 ms (FindLiveObjects: 0.147200 ms CreateObjectMapping: 0.040800 ms MarkObjects: 1.408200 ms  DeleteObjects: 0.055300 ms)

========================================================================
Received Prepare
Registering precompiled user dll's ...
Registered in 0.000600 seconds.
Begin MonoManager ReloadAssembly
Native extension for WindowsStandalone target not found
Refreshing native plugins compatible for Editor in 0.22 ms, found 0 plugins.
Preloading 0 native plugins for Editor in 0.00 ms.
Invoked RoslynAnalysisRunner static constructor.
RoslynAnalysisRunner will not be running.
RoslynAnalysisRunner has terminated.
Mono: successfully reloaded assembly
- Completed reload, in  0.914 seconds
Platform modules already initialized, skipping
Refreshing native plugins compatible for Editor in 0.25 ms, found 0 plugins.
Preloading 0 native plugins for Editor in 0.00 ms.
Unloading 1105 Unused Serialized files (Serialized files now loaded: 0)
System memory in use before: 74.6 MB.
System memory in use after: 74.7 MB.

Unloading 5 unused Assets to reduce memory usage. Loaded Objects now: 1633.
Total: 2.595800 ms (FindLiveObjects: 0.577800 ms CreateObjectMapping: 0.136300 ms MarkObjects: 1.817400 ms  DeleteObjects: 0.062500 ms)

========================================================================
Received Import Request.
  Time since last request: 977.585347 seconds.
  path: Assets/Models/untitled24 1.fbx
  artifactKey: Guid(05519fc222a0ba34dae2eecdf4c9751c) Importer(815301076,1909f56bfc062723c751e8b465ee728b)
Start importing Assets/Models/untitled24 1.fbx using Guid(05519fc222a0ba34dae2eecdf4c9751c) Importer(815301076,1909f56bfc062723c751e8b465ee728b)  -> (artifact id: '54aee30838fad4552b76f63bf050d670') in 0.188089 seconds
  Import took 0.191505 seconds .

========================================================================
Received Import Request.
  Time since last request: 15.448404 seconds.
  path: Assets/Models/player2.fbx
  artifactKey: Guid(05519fc222a0ba34dae2eecdf4c9751c) Importer(815301076,1909f56bfc062723c751e8b465ee728b)
Start importing Assets/Models/player2.fbx using Guid(05519fc222a0ba34dae2eecdf4c9751c) Importer(815301076,1909f56bfc062723c751e8b465ee728b)  -> (artifact id: '2845bbd1961ffd60ecd4eb6eb5e9f0d8') in 0.098873 seconds
  Import took 0.101612 seconds .

========================================================================
Received Import Request.
  Time since last request: 34.347033 seconds.
  path: Assets/Models/New Prefab.prefab
  artifactKey: Guid(c92955c77dd11b04e9dd994fbdf5bb89) Importer(815301076,1909f56bfc062723c751e8b465ee728b)
Start importing Assets/Models/New Prefab.prefab using Guid(c92955c77dd11b04e9dd994fbdf5bb89) Importer(815301076,1909f56bfc062723c751e8b465ee728b)  -> (artifact id: 'e900dfca3896f63a6af471f42c0928ef') in 0.006329 seconds
  Import took 0.009711 seconds .

========================================================================
Received Import Request.
  Time since last request: 4.499614 seconds.
  path: Assets/Models/New Prefab.prefab
  artifactKey: Guid(c92955c77dd11b04e9dd994fbdf5bb89) Importer(815301076,1909f56bfc062723c751e8b465ee728b)
Start importing Assets/Models/New Prefab.prefab using Guid(c92955c77dd11b04e9dd994fbdf5bb89) Importer(815301076,1909f56bfc062723c751e8b465ee728b)  -> (artifact id: 'dc22a983eb3e13b0e533efd38357c418') in 0.025293 seconds
  Import took 0.028835 seconds .

========================================================================
Received Import Request.
  Time since last request: 0.000507 seconds.
  path: Assets/Models/New Prefab.prefab
  artifactKey: Guid(c92955c77dd11b04e9dd994fbdf5bb89) Importer(815301076,1909f56bfc062723c751e8b465ee728b)
Start importing Assets/Models/New Prefab.prefab using Guid(c92955c77dd11b04e9dd994fbdf5bb89) Importer(815301076,1909f56bfc062723c751e8b465ee728b)  -> (artifact id: 'dc22a983eb3e13b0e533efd38357c418') in 0.020074 seconds
  Import took 0.023231 seconds .

========================================================================
Received Import Request.
  Time since last request: 9.474234 seconds.
  path: Assets/Models/player2.prefab
  artifactKey: Guid(c92955c77dd11b04e9dd994fbdf5bb89) Importer(815301076,1909f56bfc062723c751e8b465ee728b)
Start importing Assets/Models/player2.prefab using Guid(c92955c77dd11b04e9dd994fbdf5bb89) Importer(815301076,1909f56bfc062723c751e8b465ee728b)  -> (artifact id: '63fdf79c064805b940afd52a3641ed08') in 0.018632 seconds
  Import took 0.022248 seconds .

========================================================================
Received Import Request.
  Time since last request: 225.551981 seconds.
  path: Assets/Script/Fighter1.cs
  artifactKey: Guid(aa00b1fd3aebe1047befb2441ef1f8fd) Importer(815301076,1909f56bfc062723c751e8b465ee728b)
Start importing Assets/Script/Fighter1.cs using Guid(aa00b1fd3aebe1047befb2441ef1f8fd) Importer(815301076,1909f56bfc062723c751e8b465ee728b)  -> (artifact id: '23583be9bfe065178e902dbbc9aec176') in 0.009742 seconds
  Import took 0.012282 seconds .

========================================================================
Received Import Request.
  Time since last request: 0.029309 seconds.
  path: Assets/Script/Fighter1.cs
  artifactKey: Guid(aa00b1fd3aebe1047befb2441ef1f8fd) Importer(815301076,1909f56bfc062723c751e8b465ee728b)
Start importing Assets/Script/Fighter1.cs using Guid(aa00b1fd3aebe1047befb2441ef1f8fd) Importer(815301076,1909f56bfc062723c751e8b465ee728b)  -> (artifact id: '23583be9bfe065178e902dbbc9aec176') in 0.047150 seconds
  Import took 0.051667 seconds .

========================================================================
Received Import Request.
  Time since last request: 0.267141 seconds.
  path: Assets/Script/Fighter2.cs
  artifactKey: Guid(acafb7f042d3bd749b8bf8935217d3f4) Importer(815301076,1909f56bfc062723c751e8b465ee728b)
Start importing Assets/Script/Fighter2.cs using Guid(acafb7f042d3bd749b8bf8935217d3f4) Importer(815301076,1909f56bfc062723c751e8b465ee728b)  -> (artifact id: '71a71a6dd5408630271ac10da71813ef') in 0.012616 seconds
  Import took 0.015216 seconds .

========================================================================
Received Import Request.
  Time since last request: 2.296178 seconds.
  path: Assets/Script/DamageCollider2.cs
  artifactKey: Guid(1c11283d1c9d5e54da913a909a21fcdc) Importer(815301076,1909f56bfc062723c751e8b465ee728b)
Start importing Assets/Script/DamageCollider2.cs using Guid(1c11283d1c9d5e54da913a909a21fcdc) Importer(815301076,1909f56bfc062723c751e8b465ee728b)  -> (artifact id: '056059c770b289b24f26da6808c2e6a5') in 0.016635 seconds
  Import took 0.019076 seconds .

========================================================================
Received Prepare
Registering precompiled user dll's ...
Registered in 0.000742 seconds.
Begin MonoManager ReloadAssembly
Native extension for WindowsStandalone target not found
Refreshing native plugins compatible for Editor in 0.23 ms, found 0 plugins.
Preloading 0 native plugins for Editor in 0.00 ms.
Invoked RoslynAnalysisRunner static constructor.
RoslynAnalysisRunner will not be running.
RoslynAnalysisRunner has terminated.
Mono: successfully reloaded assembly
- Completed reload, in  0.903 seconds
Platform modules already initialized, skipping
Refreshing native plugins compatible for Editor in 0.23 ms, found 0 plugins.
Preloading 0 native plugins for Editor in 0.00 ms.
Unloading 1105 Unused Serialized files (Serialized files now loaded: 0)
System memory in use before: 74.7 MB.
System memory in use after: 74.7 MB.

Unloading 5 unused Assets to reduce memory usage. Loaded Objects now: 1636.
Total: 1.980400 ms (FindLiveObjects: 0.163500 ms CreateObjectMapping: 0.043400 ms MarkObjects: 1.704000 ms  DeleteObjects: 0.068100 ms)

========================================================================
Received Prepare
Registering precompiled user dll's ...
Registered in 0.000575 seconds.
Begin MonoManager ReloadAssembly
Native extension for WindowsStandalone target not found
Refreshing native plugins compatible for Editor in 0.26 ms, found 0 plugins.
Preloading 0 native plugins for Editor in 0.00 ms.
Invoked RoslynAnalysisRunner static constructor.
RoslynAnalysisRunner will not be running.
RoslynAnalysisRunner has terminated.
Mono: successfully reloaded assembly
- Completed reload, in  0.987 seconds
Platform modules already initialized, skipping
Refreshing native plugins compatible for Editor in 0.23 ms, found 0 plugins.
Preloading 0 native plugins for Editor in 0.00 ms.
Unloading 1105 Unused Serialized files (Serialized files now loaded: 0)
System memory in use before: 74.7 MB.
System memory in use after: 74.7 MB.

Unloading 5 unused Assets to reduce memory usage. Loaded Objects now: 1638.
Total: 1.769800 ms (FindLiveObjects: 0.159000 ms CreateObjectMapping: 0.041700 ms MarkObjects: 1.506000 ms  DeleteObjects: 0.061400 ms)

========================================================================
Received Import Request.
  Time since last request: 2225.481186 seconds.
  path: Assets/Script/Fighter1.cs
  artifactKey: Guid(aa00b1fd3aebe1047befb2441ef1f8fd) Importer(815301076,1909f56bfc062723c751e8b465ee728b)
Start importing Assets/Script/Fighter1.cs using Guid(aa00b1fd3aebe1047befb2441ef1f8fd) Importer(815301076,1909f56bfc062723c751e8b465ee728b)  -> (artifact id: '59ce564f8e09eaf0b7baeb1d47727eb0') in 0.012126 seconds
  Import took 0.014816 seconds .

========================================================================
Received Import Request.
  Time since last request: 0.023236 seconds.
  path: Assets/Script/Fighter1.cs
  artifactKey: Guid(aa00b1fd3aebe1047befb2441ef1f8fd) Importer(815301076,1909f56bfc062723c751e8b465ee728b)
Start importing Assets/Script/Fighter1.cs using Guid(aa00b1fd3aebe1047befb2441ef1f8fd) Importer(815301076,1909f56bfc062723c751e8b465ee728b)  -> (artifact id: '59ce564f8e09eaf0b7baeb1d47727eb0') in 0.003876 seconds
  Import took 0.006253 seconds .

========================================================================
Received Import Request.
  Time since last request: 0.566944 seconds.
  path: Assets/Script/Fighter2.cs
  artifactKey: Guid(acafb7f042d3bd749b8bf8935217d3f4) Importer(815301076,1909f56bfc062723c751e8b465ee728b)
Start importing Assets/Script/Fighter2.cs using Guid(acafb7f042d3bd749b8bf8935217d3f4) Importer(815301076,1909f56bfc062723c751e8b465ee728b)  -> (artifact id: '39da8f9c8ebad6d56067a10a88c7bbc1') in 0.012557 seconds
  Import took 0.015143 seconds .

========================================================================
Received Import Request.
  Time since last request: 14.376672 seconds.
  path: Assets/Script/StateBehavior.cs
  artifactKey: Guid(bed60338e21541f4f9a8570df6dc998d) Importer(815301076,1909f56bfc062723c751e8b465ee728b)
Start importing Assets/Script/StateBehavior.cs using Guid(bed60338e21541f4f9a8570df6dc998d) Importer(815301076,1909f56bfc062723c751e8b465ee728b)  -> (artifact id: 'f5ef6aa4b42f6865242b182fa9803a06') in 0.015959 seconds
  Import took 0.018693 seconds .

========================================================================
Received Prepare
Registering precompiled user dll's ...
Registered in 0.000562 seconds.
Begin MonoManager ReloadAssembly
Native extension for WindowsStandalone target not found
Refreshing native plugins compatible for Editor in 0.24 ms, found 0 plugins.
Preloading 0 native plugins for Editor in 0.00 ms.
Invoked RoslynAnalysisRunner static constructor.
RoslynAnalysisRunner will not be running.
RoslynAnalysisRunner has terminated.
Mono: successfully reloaded assembly
- Completed reload, in  0.970 seconds
Platform modules already initialized, skipping
Refreshing native plugins compatible for Editor in 0.23 ms, found 0 plugins.
Preloading 0 native plugins for Editor in 0.00 ms.
Unloading 1105 Unused Serialized files (Serialized files now loaded: 0)
System memory in use before: 74.7 MB.
System memory in use after: 74.7 MB.

Unloading 5 unused Assets to reduce memory usage. Loaded Objects now: 1640.
Total: 2.104600 ms (FindLiveObjects: 0.155300 ms CreateObjectMapping: 0.041700 ms MarkObjects: 1.847500 ms  DeleteObjects: 0.058800 ms)

========================================================================
Received Import Request.
  Time since last request: 53.284350 seconds.
  path: Assets/Script/StateBehavior.cs
  artifactKey: Guid(bed60338e21541f4f9a8570df6dc998d) Importer(815301076,1909f56bfc062723c751e8b465ee728b)
Start importing Assets/Script/StateBehavior.cs using Guid(bed60338e21541f4f9a8570df6dc998d) Importer(815301076,1909f56bfc062723c751e8b465ee728b)  -> (artifact id: '6cfa4599bb956402120ebe58095a3fef') in 0.004265 seconds
  Import took 0.006366 seconds .

========================================================================
Received Import Request.
  Time since last request: 1254.607223 seconds.
  path: ProjectSettings/TagManager.asset
  artifactKey: Guid(00000000000000003000000000000000) Importer(815301076,1909f56bfc062723c751e8b465ee728b)
Start importing ProjectSettings/TagManager.asset using Guid(00000000000000003000000000000000) Importer(815301076,1909f56bfc062723c751e8b465ee728b)  -> (artifact id: 'b2dee9ced0a85d274b96b1466a3268ad') in 0.043585 seconds
  Import took 0.046354 seconds .

========================================================================
Received Prepare
Registering precompiled user dll's ...
Registered in 0.000583 seconds.
Begin MonoManager ReloadAssembly
Native extension for WindowsStandalone target not found
Refreshing native plugins compatible for Editor in 0.21 ms, found 0 plugins.
Preloading 0 native plugins for Editor in 0.00 ms.
Invoked RoslynAnalysisRunner static constructor.
RoslynAnalysisRunner will not be running.
RoslynAnalysisRunner has terminated.
Mono: successfully reloaded assembly
- Completed reload, in  0.949 seconds
Platform modules already initialized, skipping
Refreshing native plugins compatible for Editor in 0.22 ms, found 0 plugins.
Preloading 0 native plugins for Editor in 0.00 ms.
Unloading 1105 Unused Serialized files (Serialized files now loaded: 0)
System memory in use before: 74.7 MB.
System memory in use after: 74.8 MB.

Unloading 6 unused Assets to reduce memory usage. Loaded Objects now: 1642.
Total: 1.767700 ms (FindLiveObjects: 0.174100 ms CreateObjectMapping: 0.043700 ms MarkObjects: 1.479600 ms  DeleteObjects: 0.069000 ms)

========================================================================
Received Import Request.
  Time since last request: 1111.149794 seconds.
  path: Assets/Script/NewBehaviourScript.cs
  artifactKey: Guid(97ecc1b74ad00a94bbcdeec40b40dd43) Importer(815301076,1909f56bfc062723c751e8b465ee728b)
Start importing Assets/Script/NewBehaviourScript.cs using Guid(97ecc1b74ad00a94bbcdeec40b40dd43) Importer(815301076,1909f56bfc062723c751e8b465ee728b)  -> (artifact id: 'a054c17a013fc64e0effe31fa8686beb') in 0.046562 seconds
  Import took 0.050718 seconds .

========================================================================
Received Prepare
Registering precompiled user dll's ...
Registered in 0.000631 seconds.
Begin MonoManager ReloadAssembly
Native extension for WindowsStandalone target not found
Refreshing native plugins compatible for Editor in 0.23 ms, found 0 plugins.
Preloading 0 native plugins for Editor in 0.00 ms.
Invoked RoslynAnalysisRunner static constructor.
RoslynAnalysisRunner will not be running.
RoslynAnalysisRunner has terminated.
Mono: successfully reloaded assembly
- Completed reload, in  0.936 seconds
Platform modules already initialized, skipping
Refreshing native plugins compatible for Editor in 0.21 ms, found 0 plugins.
Preloading 0 native plugins for Editor in 0.00 ms.
Unloading 1106 Unused Serialized files (Serialized files now loaded: 0)
System memory in use before: 74.7 MB.
System memory in use after: 74.8 MB.

Unloading 5 unused Assets to reduce memory usage. Loaded Objects now: 1645.
Total: 1.891100 ms (FindLiveObjects: 0.156600 ms CreateObjectMapping: 0.042100 ms MarkObjects: 1.609100 ms  DeleteObjects: 0.080900 ms)

========================================================================
Received Import Request.
  Time since last request: 45.165629 seconds.
  path: Assets/Script/NewBehaviourScript.cs
  artifactKey: Guid(97ecc1b74ad00a94bbcdeec40b40dd43) Importer(815301076,1909f56bfc062723c751e8b465ee728b)
Start importing Assets/Script/NewBehaviourScript.cs using Guid(97ecc1b74ad00a94bbcdeec40b40dd43) Importer(815301076,1909f56bfc062723c751e8b465ee728b)  -> (artifact id: '43730ee50cbb0c088d1085c96111f782') in 0.004999 seconds
  Import took 0.007204 seconds .

========================================================================
Received Import Request.
  Time since last request: 5.905612 seconds.
  path: Assets/Script/vDamageTester.cs
  artifactKey: Guid(97ecc1b74ad00a94bbcdeec40b40dd43) Importer(815301076,1909f56bfc062723c751e8b465ee728b)
Start importing Assets/Script/vDamageTester.cs using Guid(97ecc1b74ad00a94bbcdeec40b40dd43) Importer(815301076,1909f56bfc062723c751e8b465ee728b)  -> (artifact id: '8a4f014d8cc8299c614f24453f21026a') in 0.016610 seconds
  Import took 0.019666 seconds .

========================================================================
Received Prepare
Registering precompiled user dll's ...
Registered in 0.000658 seconds.
Begin MonoManager ReloadAssembly
Native extension for WindowsStandalone target not found
Refreshing native plugins compatible for Editor in 0.22 ms, found 0 plugins.
Preloading 0 native plugins for Editor in 0.00 ms.
Invoked RoslynAnalysisRunner static constructor.
RoslynAnalysisRunner will not be running.
RoslynAnalysisRunner has terminated.
Mono: successfully reloaded assembly
- Completed reload, in  1.275 seconds
Platform modules already initialized, skipping
Refreshing native plugins compatible for Editor in 0.23 ms, found 0 plugins.
Preloading 0 native plugins for Editor in 0.00 ms.
Unloading 1106 Unused Serialized files (Serialized files now loaded: 0)
System memory in use before: 74.7 MB.
System memory in use after: 74.8 MB.

Unloading 5 unused Assets to reduce memory usage. Loaded Objects now: 1647.
Total: 2.363900 ms (FindLiveObjects: 0.176400 ms CreateObjectMapping: 0.046000 ms MarkObjects: 2.071100 ms  DeleteObjects: 0.068400 ms)

========================================================================
Received Import Request.
  Time since last request: 7.631047 seconds.
  path: Assets/Script/DamageTester.cs
  artifactKey: Guid(97ecc1b74ad00a94bbcdeec40b40dd43) Importer(815301076,1909f56bfc062723c751e8b465ee728b)
Start importing Assets/Script/DamageTester.cs using Guid(97ecc1b74ad00a94bbcdeec40b40dd43) Importer(815301076,1909f56bfc062723c751e8b465ee728b)  -> (artifact id: '48db92daac90beaebfb960fafe0ab5ab') in 0.033510 seconds
  Import took 0.035877 seconds .

========================================================================
Received Prepare
Registering precompiled user dll's ...
Registered in 0.000682 seconds.
Begin MonoManager ReloadAssembly
Native extension for WindowsStandalone target not found
Refreshing native plugins compatible for Editor in 0.21 ms, found 0 plugins.
Preloading 0 native plugins for Editor in 0.00 ms.
Invoked RoslynAnalysisRunner static constructor.
RoslynAnalysisRunner will not be running.
RoslynAnalysisRunner has terminated.
Mono: successfully reloaded assembly
- Completed reload, in  1.472 seconds
Platform modules already initialized, skipping
Refreshing native plugins compatible for Editor in 0.23 ms, found 0 plugins.
Preloading 0 native plugins for Editor in 0.00 ms.
Unloading 1106 Unused Serialized files (Serialized files now loaded: 0)
System memory in use before: 74.7 MB.
System memory in use after: 74.8 MB.

Unloading 5 unused Assets to reduce memory usage. Loaded Objects now: 1649.
Total: 2.671000 ms (FindLiveObjects: 0.165600 ms CreateObjectMapping: 0.130300 ms MarkObjects: 2.316600 ms  DeleteObjects: 0.056600 ms)

========================================================================
Received Import Request.
  Time since last request: 192.789886 seconds.
  path: Assets/Script/DamageCollider2.cs
  artifactKey: Guid(1c11283d1c9d5e54da913a909a21fcdc) Importer(815301076,1909f56bfc062723c751e8b465ee728b)
Start importing Assets/Script/DamageCollider2.cs using Guid(1c11283d1c9d5e54da913a909a21fcdc) Importer(815301076,1909f56bfc062723c751e8b465ee728b)  -> (artifact id: '4c47f9004d8e6e5e68d05cb96e971a57') in 0.026532 seconds
  Import took 0.029241 seconds .

========================================================================
Received Prepare
Registering precompiled user dll's ...
Registered in 0.000620 seconds.
Begin MonoManager ReloadAssembly
Native extension for WindowsStandalone target not found
Refreshing native plugins compatible for Editor in 0.24 ms, found 0 plugins.
Preloading 0 native plugins for Editor in 0.00 ms.
Invoked RoslynAnalysisRunner static constructor.
RoslynAnalysisRunner will not be running.
RoslynAnalysisRunner has terminated.
Mono: successfully reloaded assembly
- Completed reload, in  0.913 seconds
Platform modules already initialized, skipping
Refreshing native plugins compatible for Editor in 0.25 ms, found 0 plugins.
Preloading 0 native plugins for Editor in 0.00 ms.
Unloading 1106 Unused Serialized files (Serialized files now loaded: 0)
System memory in use before: 74.7 MB.
System memory in use after: 74.8 MB.

Unloading 5 unused Assets to reduce memory usage. Loaded Objects now: 1651.
Total: 2.921700 ms (FindLiveObjects: 0.624800 ms CreateObjectMapping: 0.382300 ms MarkObjects: 1.730700 ms  DeleteObjects: 0.181300 ms)

========================================================================
Received Prepare
Registering precompiled user dll's ...
Registered in 0.000859 seconds.
Begin MonoManager ReloadAssembly
Native extension for WindowsStandalone target not found
Refreshing native plugins compatible for Editor in 0.23 ms, found 0 plugins.
Preloading 0 native plugins for Editor in 0.00 ms.
Invoked RoslynAnalysisRunner static constructor.
RoslynAnalysisRunner will not be running.
RoslynAnalysisRunner has terminated.
Mono: successfully reloaded assembly
- Completed reload, in  0.981 seconds
Platform modules already initialized, skipping
Refreshing native plugins compatible for Editor in 0.26 ms, found 0 plugins.
Preloading 0 native plugins for Editor in 0.00 ms.
Unloading 1106 Unused Serialized files (Serialized files now loaded: 0)
System memory in use before: 74.7 MB.
System memory in use after: 74.8 MB.

Unloading 5 unused Assets to reduce memory usage. Loaded Objects now: 1653.
Total: 1.980200 ms (FindLiveObjects: 0.188300 ms CreateObjectMapping: 0.045000 ms MarkObjects: 1.680000 ms  DeleteObjects: 0.064900 ms)

========================================================================
Received Prepare
Registering precompiled user dll's ...
Registered in 0.002687 seconds.
Begin MonoManager ReloadAssembly
Native extension for WindowsStandalone target not found
Refreshing native plugins compatible for Editor in 0.30 ms, found 0 plugins.
Preloading 0 native plugins for Editor in 0.00 ms.
Invoked RoslynAnalysisRunner static constructor.
RoslynAnalysisRunner will not be running.
RoslynAnalysisRunner has terminated.
Mono: successfully reloaded assembly
- Completed reload, in  1.115 seconds
Platform modules already initialized, skipping
Refreshing native plugins compatible for Editor in 0.21 ms, found 0 plugins.
Preloading 0 native plugins for Editor in 0.00 ms.
Unloading 1106 Unused Serialized files (Serialized files now loaded: 0)
System memory in use before: 74.7 MB.
System memory in use after: 74.8 MB.

Unloading 5 unused Assets to reduce memory usage. Loaded Objects now: 1655.
Total: 2.124900 ms (FindLiveObjects: 0.149100 ms CreateObjectMapping: 0.039900 ms MarkObjects: 1.873800 ms  DeleteObjects: 0.060900 ms)

========================================================================
Received Prepare
Registering precompiled user dll's ...
Registered in 0.000783 seconds.
Begin MonoManager ReloadAssembly
Native extension for WindowsStandalone target not found
Refreshing native plugins compatible for Editor in 0.24 ms, found 0 plugins.
Preloading 0 native plugins for Editor in 0.00 ms.
Invoked RoslynAnalysisRunner static constructor.
RoslynAnalysisRunner will not be running.
RoslynAnalysisRunner has terminated.
Mono: successfully reloaded assembly
- Completed reload, in  1.076 seconds
Platform modules already initialized, skipping
Refreshing native plugins compatible for Editor in 0.28 ms, found 0 plugins.
Preloading 0 native plugins for Editor in 0.00 ms.
Unloading 1106 Unused Serialized files (Serialized files now loaded: 0)
System memory in use before: 74.7 MB.
System memory in use after: 74.8 MB.

Unloading 5 unused Assets to reduce memory usage. Loaded Objects now: 1657.
Total: 1.956400 ms (FindLiveObjects: 0.206300 ms CreateObjectMapping: 0.048000 ms MarkObjects: 1.634800 ms  DeleteObjects: 0.065400 ms)

========================================================================
Received Prepare
Registering precompiled user dll's ...
Registered in 0.000766 seconds.
Begin MonoManager ReloadAssembly
Native extension for WindowsStandalone target not found
Refreshing native plugins compatible for Editor in 0.50 ms, found 0 plugins.
Preloading 0 native plugins for Editor in 0.00 ms.
Invoked RoslynAnalysisRunner static constructor.
RoslynAnalysisRunner will not be running.
RoslynAnalysisRunner has terminated.
Mono: successfully reloaded assembly
- Completed reload, in  1.238 seconds
Platform modules already initialized, skipping
Refreshing native plugins compatible for Editor in 0.22 ms, found 0 plugins.
Preloading 0 native plugins for Editor in 0.00 ms.
Unloading 1106 Unused Serialized files (Serialized files now loaded: 0)
System memory in use before: 74.7 MB.
System memory in use after: 74.8 MB.

Unloading 5 unused Assets to reduce memory usage. Loaded Objects now: 1659.
Total: 2.243800 ms (FindLiveObjects: 0.202800 ms CreateObjectMapping: 0.041500 ms MarkObjects: 1.937000 ms  DeleteObjects: 0.060700 ms)

========================================================================
Received Prepare
Registering precompiled user dll's ...
Registered in 0.000588 seconds.
Begin MonoManager ReloadAssembly
Native extension for WindowsStandalone target not found
Refreshing native plugins compatible for Editor in 0.25 ms, found 0 plugins.
Preloading 0 native plugins for Editor in 0.00 ms.
Invoked RoslynAnalysisRunner static constructor.
RoslynAnalysisRunner will not be running.
RoslynAnalysisRunner has terminated.
Mono: successfully reloaded assembly
- Completed reload, in  0.938 seconds
Platform modules already initialized, skipping
Script error: OnTriggerEnter
The message must have 0 or 1 parameters.
The message will be ignored.

Refreshing native plugins compatible for Editor in 0.22 ms, found 0 plugins.
Preloading 0 native plugins for Editor in 0.00 ms.
Unloading 1106 Unused Serialized files (Serialized files now loaded: 0)
System memory in use before: 74.9 MB.
System memory in use after: 74.9 MB.

Unloading 5 unused Assets to reduce memory usage. Loaded Objects now: 1661.
Total: 1.974200 ms (FindLiveObjects: 0.169900 ms CreateObjectMapping: 0.049000 ms MarkObjects: 1.564900 ms  DeleteObjects: 0.188300 ms)

========================================================================
Received Prepare
Registering precompiled user dll's ...
Registered in 0.000633 seconds.
Begin MonoManager ReloadAssembly
Native extension for WindowsStandalone target not found
Refreshing native plugins compatible for Editor in 0.25 ms, found 0 plugins.
Preloading 0 native plugins for Editor in 0.00 ms.
Invoked RoslynAnalysisRunner static constructor.
RoslynAnalysisRunner will not be running.
RoslynAnalysisRunner has terminated.
Mono: successfully reloaded assembly
- Completed reload, in  1.004 seconds
Platform modules already initialized, skipping
Refreshing native plugins compatible for Editor in 0.22 ms, found 0 plugins.
Preloading 0 native plugins for Editor in 0.00 ms.
Unloading 1106 Unused Serialized files (Serialized files now loaded: 0)
System memory in use before: 74.9 MB.
System memory in use after: 74.9 MB.

Unloading 5 unused Assets to reduce memory usage. Loaded Objects now: 1663.
Total: 2.305700 ms (FindLiveObjects: 0.220700 ms CreateObjectMapping: 0.185600 ms MarkObjects: 1.830500 ms  DeleteObjects: 0.067300 ms)

========================================================================
Received Prepare
Registering precompiled user dll's ...
Registered in 0.000587 seconds.
Begin MonoManager ReloadAssembly
Native extension for WindowsStandalone target not found
Refreshing native plugins compatible for Editor in 0.25 ms, found 0 plugins.
Preloading 0 native plugins for Editor in 0.00 ms.
Invoked RoslynAnalysisRunner static constructor.
RoslynAnalysisRunner will not be running.
RoslynAnalysisRunner has terminated.
Mono: successfully reloaded assembly
- Completed reload, in  1.834 seconds
Platform modules already initialized, skipping
Refreshing native plugins compatible for Editor in 0.42 ms, found 0 plugins.
Preloading 0 native plugins for Editor in 0.00 ms.
Unloading 1106 Unused Serialized files (Serialized files now loaded: 0)
System memory in use before: 74.9 MB.
System memory in use after: 75.0 MB.

Unloading 5 unused Assets to reduce memory usage. Loaded Objects now: 1665.
Total: 2.640200 ms (FindLiveObjects: 0.165900 ms CreateObjectMapping: 0.045200 ms MarkObjects: 2.369700 ms  DeleteObjects: 0.057800 ms)

========================================================================
Received Prepare
Registering precompiled user dll's ...
Registered in 0.000582 seconds.
Begin MonoManager ReloadAssembly
Native extension for WindowsStandalone target not found
Refreshing native plugins compatible for Editor in 0.22 ms, found 0 plugins.
Preloading 0 native plugins for Editor in 0.00 ms.
Invoked RoslynAnalysisRunner static constructor.
RoslynAnalysisRunner will not be running.
RoslynAnalysisRunner has terminated.
Mono: successfully reloaded assembly
- Completed reload, in  0.934 seconds
Platform modules already initialized, skipping
Refreshing native plugins compatible for Editor in 0.21 ms, found 0 plugins.
Preloading 0 native plugins for Editor in 0.00 ms.
Unloading 1106 Unused Serialized files (Serialized files now loaded: 0)
System memory in use before: 74.9 MB.
System memory in use after: 75.0 MB.

Unloading 5 unused Assets to reduce memory usage. Loaded Objects now: 1667.
Total: 1.703000 ms (FindLiveObjects: 0.148300 ms CreateObjectMapping: 0.039500 ms MarkObjects: 1.459400 ms  DeleteObjects: 0.055000 ms)

========================================================================
Received Prepare
Registering precompiled user dll's ...
Registered in 0.000631 seconds.
Begin MonoManager ReloadAssembly
Native extension for WindowsStandalone target not found
Refreshing native plugins compatible for Editor in 0.23 ms, found 0 plugins.
Preloading 0 native plugins for Editor in 0.00 ms.
Invoked RoslynAnalysisRunner static constructor.
RoslynAnalysisRunner will not be running.
RoslynAnalysisRunner has terminated.
Mono: successfully reloaded assembly
- Completed reload, in  1.053 seconds
Platform modules already initialized, skipping
Refreshing native plugins compatible for Editor in 0.23 ms, found 0 plugins.
Preloading 0 native plugins for Editor in 0.00 ms.
Unloading 1106 Unused Serialized files (Serialized files now loaded: 0)
System memory in use before: 74.9 MB.
System memory in use after: 75.0 MB.

Unloading 5 unused Assets to reduce memory usage. Loaded Objects now: 1669.
Total: 1.826900 ms (FindLiveObjects: 0.170400 ms CreateObjectMapping: 0.049100 ms MarkObjects: 1.541800 ms  DeleteObjects: 0.063800 ms)

========================================================================
Received Prepare
Registering precompiled user dll's ...
Registered in 0.001887 seconds.
Begin MonoManager ReloadAssembly
Native extension for WindowsStandalone target not found
Refreshing native plugins compatible for Editor in 0.32 ms, found 0 plugins.
Preloading 0 native plugins for Editor in 0.00 ms.
Invoked RoslynAnalysisRunner static constructor.
RoslynAnalysisRunner will not be running.
RoslynAnalysisRunner has terminated.
Mono: successfully reloaded assembly
- Completed reload, in  1.842 seconds
Platform modules already initialized, skipping
Refreshing native plugins compatible for Editor in 0.39 ms, found 0 plugins.
Preloading 0 native plugins for Editor in 0.00 ms.
Unloading 1106 Unused Serialized files (Serialized files now loaded: 0)
System memory in use before: 74.9 MB.
System memory in use after: 75.0 MB.

Unloading 5 unused Assets to reduce memory usage. Loaded Objects now: 1671.
Total: 4.951800 ms (FindLiveObjects: 0.186700 ms CreateObjectMapping: 0.067800 ms MarkObjects: 4.552500 ms  DeleteObjects: 0.143200 ms)

========================================================================
Received Import Request.
  Time since last request: 2029.047172 seconds.
  path: Assets/Script/DamageTester.cs
  artifactKey: Guid(97ecc1b74ad00a94bbcdeec40b40dd43) Importer(815301076,1909f56bfc062723c751e8b465ee728b)
Start importing Assets/Script/DamageTester.cs using Guid(97ecc1b74ad00a94bbcdeec40b40dd43) Importer(815301076,1909f56bfc062723c751e8b465ee728b)  -> (artifact id: '98916365d509b5b9358fa3f88e1a8f25') in 0.005522 seconds
  Import took 0.009295 seconds .

========================================================================
Received Import Request.
  Time since last request: 0.003556 seconds.
  path: Assets/Script/DamageTester.cs
  artifactKey: Guid(97ecc1b74ad00a94bbcdeec40b40dd43) Importer(815301076,1909f56bfc062723c751e8b465ee728b)
Start importing Assets/Script/DamageTester.cs using Guid(97ecc1b74ad00a94bbcdeec40b40dd43) Importer(815301076,1909f56bfc062723c751e8b465ee728b)  -> (artifact id: '98916365d509b5b9358fa3f88e1a8f25') in 0.002600 seconds
  Import took 0.005803 seconds .

========================================================================
Received Prepare
Registering precompiled user dll's ...
Registered in 0.000912 seconds.
Begin MonoManager ReloadAssembly
Native extension for WindowsStandalone target not found
Refreshing native plugins compatible for Editor in 0.23 ms, found 0 plugins.
Preloading 0 native plugins for Editor in 0.00 ms.
Invoked RoslynAnalysisRunner static constructor.
RoslynAnalysisRunner will not be running.
RoslynAnalysisRunner has terminated.
Mono: successfully reloaded assembly
- Completed reload, in  1.444 seconds
Platform modules already initialized, skipping
Refreshing native plugins compatible for Editor in 0.49 ms, found 0 plugins.
Preloading 0 native plugins for Editor in 0.00 ms.
Unloading 1104 Unused Serialized files (Serialized files now loaded: 0)
System memory in use before: 74.9 MB.
System memory in use after: 74.9 MB.

Unloading 7 unused Assets to reduce memory usage. Loaded Objects now: 1671.
Total: 11.743500 ms (FindLiveObjects: 8.522100 ms CreateObjectMapping: 0.069700 ms MarkObjects: 3.046900 ms  DeleteObjects: 0.102900 ms)

========================================================================
Received Prepare
Registering precompiled user dll's ...
Registered in 0.000920 seconds.
Begin MonoManager ReloadAssembly
Native extension for WindowsStandalone target not found
Refreshing native plugins compatible for Editor in 0.25 ms, found 0 plugins.
Preloading 0 native plugins for Editor in 0.00 ms.
Invoked RoslynAnalysisRunner static constructor.
RoslynAnalysisRunner will not be running.
RoslynAnalysisRunner has terminated.
Mono: successfully reloaded assembly
- Completed reload, in  1.554 seconds
Platform modules already initialized, skipping
Refreshing native plugins compatible for Editor in 0.26 ms, found 0 plugins.
Preloading 0 native plugins for Editor in 0.00 ms.
Unloading 1104 Unused Serialized files (Serialized files now loaded: 0)
System memory in use before: 74.9 MB.
System memory in use after: 74.9 MB.

Unloading 5 unused Assets to reduce memory usage. Loaded Objects now: 1673.
Total: 2.549300 ms (FindLiveObjects: 0.159000 ms CreateObjectMapping: 0.042400 ms MarkObjects: 2.249300 ms  DeleteObjects: 0.096100 ms)

========================================================================
Received Prepare
Registering precompiled user dll's ...
Registered in 0.000656 seconds.
Begin MonoManager ReloadAssembly
Native extension for WindowsStandalone target not found
Refreshing native plugins compatible for Editor in 0.25 ms, found 0 plugins.
Preloading 0 native plugins for Editor in 0.00 ms.
Invoked RoslynAnalysisRunner static constructor.
RoslynAnalysisRunner will not be running.
RoslynAnalysisRunner has terminated.
Mono: successfully reloaded assembly
- Completed reload, in  1.077 seconds
Platform modules already initialized, skipping
Refreshing native plugins compatible for Editor in 0.21 ms, found 0 plugins.
Preloading 0 native plugins for Editor in 0.00 ms.
Unloading 1104 Unused Serialized files (Serialized files now loaded: 0)
System memory in use before: 74.9 MB.
System memory in use after: 74.9 MB.

Unloading 5 unused Assets to reduce memory usage. Loaded Objects now: 1675.
Total: 2.333100 ms (FindLiveObjects: 0.146700 ms CreateObjectMapping: 0.037500 ms MarkObjects: 2.043000 ms  DeleteObjects: 0.104600 ms)

========================================================================
Received Import Request.
  Time since last request: 4187.786821 seconds.
  path: Assets/Script/Fighter1.cs
  artifactKey: Guid(aa00b1fd3aebe1047befb2441ef1f8fd) Importer(815301076,1909f56bfc062723c751e8b465ee728b)
Start importing Assets/Script/Fighter1.cs using Guid(aa00b1fd3aebe1047befb2441ef1f8fd) Importer(815301076,1909f56bfc062723c751e8b465ee728b)  -> (artifact id: 'ee136de78674b2269b690d7752d1e0f7') in 0.010324 seconds
  Import took 0.013053 seconds .

========================================================================
Received Prepare
Registering precompiled user dll's ...
Registered in 0.000724 seconds.
Begin MonoManager ReloadAssembly
Native extension for WindowsStandalone target not found
Refreshing native plugins compatible for Editor in 0.27 ms, found 0 plugins.
Preloading 0 native plugins for Editor in 0.00 ms.
Invoked RoslynAnalysisRunner static constructor.
RoslynAnalysisRunner will not be running.
RoslynAnalysisRunner has terminated.
Mono: successfully reloaded assembly
- Completed reload, in  0.985 seconds
Platform modules already initialized, skipping
Refreshing native plugins compatible for Editor in 0.25 ms, found 0 plugins.
Preloading 0 native plugins for Editor in 0.00 ms.
Unloading 1104 Unused Serialized files (Serialized files now loaded: 0)
System memory in use before: 74.9 MB.
System memory in use after: 74.9 MB.

Unloading 5 unused Assets to reduce memory usage. Loaded Objects now: 1677.
Total: 2.210300 ms (FindLiveObjects: 0.226300 ms CreateObjectMapping: 0.054000 ms MarkObjects: 1.859200 ms  DeleteObjects: 0.068400 ms)

========================================================================
Received Import Request.
  Time since last request: 226.569869 seconds.
  path: Assets/Script/NewBehaviourScript.cs
  artifactKey: Guid(4bf0f4f58b4757d48aa954c196abbfe3) Importer(815301076,1909f56bfc062723c751e8b465ee728b)
Start importing Assets/Script/NewBehaviourScript.cs using Guid(4bf0f4f58b4757d48aa954c196abbfe3) Importer(815301076,1909f56bfc062723c751e8b465ee728b)  -> (artifact id: '1632b4b864cf0d1be8152619dad015cb') in 0.016201 seconds
  Import took 0.018557 seconds .

========================================================================
Received Prepare
Registering precompiled user dll's ...
Registered in 0.000841 seconds.
Begin MonoManager ReloadAssembly
Native extension for WindowsStandalone target not found
Refreshing native plugins compatible for Editor in 0.24 ms, found 0 plugins.
Preloading 0 native plugins for Editor in 0.00 ms.
Invoked RoslynAnalysisRunner static constructor.
RoslynAnalysisRunner will not be running.
RoslynAnalysisRunner has terminated.
Mono: successfully reloaded assembly
- Completed reload, in  1.100 seconds
Platform modules already initialized, skipping
Refreshing native plugins compatible for Editor in 0.23 ms, found 0 plugins.
Preloading 0 native plugins for Editor in 0.00 ms.
Unloading 1105 Unused Serialized files (Serialized files now loaded: 0)
System memory in use before: 74.9 MB.
System memory in use after: 75.0 MB.

Unloading 5 unused Assets to reduce memory usage. Loaded Objects now: 1680.
Total: 2.308700 ms (FindLiveObjects: 0.169400 ms CreateObjectMapping: 0.044900 ms MarkObjects: 2.025000 ms  DeleteObjects: 0.067500 ms)

========================================================================
Received Prepare
Registering precompiled user dll's ...
Registered in 0.000719 seconds.
Begin MonoManager ReloadAssembly
Native extension for WindowsStandalone target not found
Refreshing native plugins compatible for Editor in 0.50 ms, found 0 plugins.
Preloading 0 native plugins for Editor in 0.00 ms.
Invoked RoslynAnalysisRunner static constructor.
RoslynAnalysisRunner will not be running.
RoslynAnalysisRunner has terminated.
Mono: successfully reloaded assembly
- Completed reload, in  0.978 seconds
Platform modules already initialized, skipping
Refreshing native plugins compatible for Editor in 0.25 ms, found 0 plugins.
Preloading 0 native plugins for Editor in 0.00 ms.
Unloading 1105 Unused Serialized files (Serialized files now loaded: 0)
System memory in use before: 74.9 MB.
System memory in use after: 75.0 MB.

Unloading 5 unused Assets to reduce memory usage. Loaded Objects now: 1682.
Total: 1.871800 ms (FindLiveObjects: 0.156600 ms CreateObjectMapping: 0.042300 ms MarkObjects: 1.613800 ms  DeleteObjects: 0.058200 ms)

========================================================================
Received Import Request.
  Time since last request: 149.605702 seconds.
  path: Assets/Script/NewBehaviourScript.cs
  artifactKey: Guid(4bf0f4f58b4757d48aa954c196abbfe3) Importer(815301076,1909f56bfc062723c751e8b465ee728b)
Start importing Assets/Script/NewBehaviourScript.cs using Guid(4bf0f4f58b4757d48aa954c196abbfe3) Importer(815301076,1909f56bfc062723c751e8b465ee728b)  -> (artifact id: '0d8815ed0b5949a19cd4dd07b002c4c5') in 0.008366 seconds
  Import took 0.010838 seconds .

========================================================================
Received Prepare
Registering precompiled user dll's ...
Registered in 0.000586 seconds.
Begin MonoManager ReloadAssembly
Native extension for WindowsStandalone target not found
Refreshing native plugins compatible for Editor in 0.24 ms, found 0 plugins.
Preloading 0 native plugins for Editor in 0.00 ms.
Invoked RoslynAnalysisRunner static constructor.
RoslynAnalysisRunner will not be running.
RoslynAnalysisRunner has terminated.
Mono: successfully reloaded assembly
- Completed reload, in  0.973 seconds
Platform modules already initialized, skipping
Refreshing native plugins compatible for Editor in 0.23 ms, found 0 plugins.
Preloading 0 native plugins for Editor in 0.00 ms.
Unloading 1105 Unused Serialized files (Serialized files now loaded: 0)
System memory in use before: 74.9 MB.
System memory in use after: 75.0 MB.

Unloading 5 unused Assets to reduce memory usage. Loaded Objects now: 1684.
Total: 2.212600 ms (FindLiveObjects: 0.162600 ms CreateObjectMapping: 0.041800 ms MarkObjects: 1.944200 ms  DeleteObjects: 0.062100 ms)

========================================================================
Received Import Request.
  Time since last request: 153.241818 seconds.
  path: Assets/Script/NewBehaviourScript.cs
  artifactKey: Guid(4bf0f4f58b4757d48aa954c196abbfe3) Importer(815301076,1909f56bfc062723c751e8b465ee728b)
Start importing Assets/Script/NewBehaviourScript.cs using Guid(4bf0f4f58b4757d48aa954c196abbfe3) Importer(815301076,1909f56bfc062723c751e8b465ee728b)  -> (artifact id: '8e038cdd09d4814eddd4ef7c1132688d') in 0.006798 seconds
  Import took 0.009126 seconds .

========================================================================
Received Prepare
Registering precompiled user dll's ...
Registered in 0.000910 seconds.
Begin MonoManager ReloadAssembly
Native extension for WindowsStandalone target not found
Refreshing native plugins compatible for Editor in 0.23 ms, found 0 plugins.
Preloading 0 native plugins for Editor in 0.00 ms.
Invoked RoslynAnalysisRunner static constructor.
RoslynAnalysisRunner will not be running.
RoslynAnalysisRunner has terminated.
Mono: successfully reloaded assembly
- Completed reload, in  2.148 seconds
Platform modules already initialized, skipping
Refreshing native plugins compatible for Editor in 0.22 ms, found 0 plugins.
Preloading 0 native plugins for Editor in 0.00 ms.
Unloading 1104 Unused Serialized files (Serialized files now loaded: 0)
System memory in use before: 74.9 MB.
System memory in use after: 75.0 MB.

Unloading 6 unused Assets to reduce memory usage. Loaded Objects now: 1685.
Total: 7.198300 ms (FindLiveObjects: 0.166300 ms CreateObjectMapping: 0.043400 ms MarkObjects: 6.921400 ms  DeleteObjects: 0.066000 ms)

========================================================================
Received Prepare
Registering precompiled user dll's ...
Registered in 0.000584 seconds.
Begin MonoManager ReloadAssembly
Native extension for WindowsStandalone target not found
Refreshing native plugins compatible for Editor in 0.24 ms, found 0 plugins.
Preloading 0 native plugins for Editor in 0.00 ms.
Invoked RoslynAnalysisRunner static constructor.
RoslynAnalysisRunner will not be running.
RoslynAnalysisRunner has terminated.
Mono: successfully reloaded assembly
- Completed reload, in  1.043 seconds
Platform modules already initialized, skipping
Refreshing native plugins compatible for Editor in 0.25 ms, found 0 plugins.
Preloading 0 native plugins for Editor in 0.00 ms.
Unloading 1104 Unused Serialized files (Serialized files now loaded: 0)
System memory in use before: 74.9 MB.
System memory in use after: 75.0 MB.

Unloading 5 unused Assets to reduce memory usage. Loaded Objects now: 1687.
Total: 2.027100 ms (FindLiveObjects: 0.153300 ms CreateObjectMapping: 0.038500 ms MarkObjects: 1.776900 ms  DeleteObjects: 0.056800 ms)

AssetImportWorkerClient::OnTransportError - code=2 error=End of file
